# JRE version: Java(TM) SE Runtime Environment (11.0.1+13) (build 11.0.1+13-LTS)
# Java VM: Java HotSpot(TM) 64-Bit Server VM (11.0.1+13-LTS, mixed mode, tiered, compressed oops, g1 gc, windows-amd64)
Heap:
 garbage-first heap   total 129024K, used 68367K [0x0000000082800000, 0x0000000100000000)
  region size 1024K, 32 young (32768K), 6 survivors (6144K)
 Metaspace       used 33653K, capacity 35249K, committed 35456K, reserved 1079296K
  class space    used 4255K, capacity 4931K, committed 4992K, reserved 1048576K
GC Heap History (6 events):
Event: 1.091 GC heap before
{Heap before GC invocations=0 (full 0):
 garbage-first heap   total 129024K, used 14336K [0x0000000082800000, 0x0000000100000000)
  region size 1024K, 14 young (14336K), 0 survivors (0K)
 Metaspace       used 8654K, capacity 8892K, committed 9216K, reserved 1056768K
  class space    used 836K, capacity 923K, committed 1024K, reserved 1048576K
}
Event: 1.097 GC heap after
{Heap after GC invocations=1 (full 0):
 garbage-first heap   total 129024K, used 3767K [0x0000000082800000, 0x0000000100000000)
  region size 1024K, 2 young (2048K), 2 survivors (2048K)
 Metaspace       used 8654K, capacity 8892K, committed 9216K, reserved 1056768K
  class space    used 836K, capacity 923K, committed 1024K, reserved 1048576K
}
Event: 3.391 GC heap before
{Heap before GC invocations=1 (full 0):
 garbage-first heap   total 129024K, used 59063K [0x0000000082800000, 0x0000000100000000)
  region size 1024K, 47 young (48128K), 2 survivors (2048K)
 Metaspace       used 20490K, capacity 21126K, committed 21248K, reserved 1067008K
  class space    used 2481K, capacity 2754K, committed 2816K, reserved 1048576K
}
Event: 3.406 GC heap after
{Heap after GC invocations=2 (full 0):
 garbage-first heap   total 129024K, used 16768K [0x0000000082800000, 0x0000000100000000)
  region size 1024K, 7 young (7168K), 7 survivors (7168K)
 Metaspace       used 20490K, capacity 21126K, committed 21248K, reserved 1067008K
  class space    used 2481K, capacity 2754K, committed 2816K, reserved 1048576K
}
Event: 15.732 GC heap before
{Heap before GC invocations=3 (full 0):
 garbage-first heap   total 129024K, used 67968K [0x0000000082800000, 0x0000000100000000)
  region size 1024K, 41 young (41984K), 7 survivors (7168K)
 Metaspace       used 30048K, capacity 30961K, committed 31232K, reserved 1077248K
  class space    used 3621K, capacity 4008K, committed 4096K, reserved 1048576K
}
Event: 15.746 GC heap after
{Heap after GC invocations=4 (full 0):
 garbage-first heap   total 129024K, used 33551K [0x0000000082800000, 0x0000000100000000)
  region size 1024K, 6 young (6144K), 6 survivors (6144K)
 Metaspace       used 30048K, capacity 30961K, committed 31232K, reserved 1077248K
  class space    used 3621K, capacity 4008K, committed 4096K, reserved 1048576K
}

