# JRE version: Java(TM) SE Runtime Environment (11.0.1+13) (build 11.0.1+13-LTS)
# Java VM: Java HotSpot(TM) 64-Bit Server VM (11.0.1+13-LTS, mixed mode, tiered, compressed oops, g1 gc, windows-amd64)
Heap:
 garbage-first heap   total 129024K, used 42400K [0x0000000082800000, 0x0000000100000000)
  region size 1024K, 12 young (12288K), 7 survivors (7168K)
 Metaspace       used 32200K, capacity 33497K, committed 33792K, reserved 1079296K
  class space    used 4007K, capacity 4554K, committed 4608K, reserved 1048576K
GC Heap History (6 events):
Event: 1.205 GC heap before
{Heap before GC invocations=0 (full 0):
 garbage-first heap   total 129024K, used 14336K [0x0000000082800000, 0x0000000100000000)
  region size 1024K, 14 young (14336K), 0 survivors (0K)
 Metaspace       used 8662K, capacity 8892K, committed 9216K, reserved 1056768K
  class space    used 837K, capacity 923K, committed 1024K, reserved 1048576K
}
Event: 1.213 GC heap after
{Heap after GC invocations=1 (full 0):
 garbage-first heap   total 129024K, used 3972K [0x0000000082800000, 0x0000000100000000)
  region size 1024K, 2 young (2048K), 2 survivors (2048K)
 Metaspace       used 8662K, capacity 8892K, committed 9216K, reserved 1056768K
  class space    used 837K, capacity 923K, committed 1024K, reserved 1048576K
}
Event: 3.368 GC heap before
{Heap before GC invocations=1 (full 0):
 garbage-first heap   total 129024K, used 60292K [0x0000000082800000, 0x0000000100000000)
  region size 1024K, 48 young (49152K), 2 survivors (2048K)
 Metaspace       used 20535K, capacity 21190K, committed 21296K, reserved 1069056K
  class space    used 2484K, capacity 2754K, committed 2816K, reserved 1048576K
}
Event: 3.396 GC heap after
{Heap after GC invocations=2 (full 0):
 garbage-first heap   total 129024K, used 16417K [0x0000000082800000, 0x0000000100000000)
  region size 1024K, 7 young (7168K), 7 survivors (7168K)
 Metaspace       used 20535K, capacity 21190K, committed 21296K, reserved 1069056K
  class space    used 2484K, capacity 2754K, committed 2816K, reserved 1048576K
}
Event: 16.692 GC heap before
{Heap before GC invocations=3 (full 0):
 garbage-first heap   total 129024K, used 80929K [0x0000000082800000, 0x0000000100000000)
  region size 1024K, 52 young (53248K), 7 survivors (7168K)
 Metaspace       used 31719K, capacity 32910K, committed 33152K, reserved 1077248K
  class space    used 3915K, capacity 4403K, committed 4480K, reserved 1048576K
}
Event: 16.711 GC heap after
{Heap after GC invocations=4 (full 0):
 garbage-first heap   total 129024K, used 36256K [0x0000000082800000, 0x0000000100000000)
  region size 1024K, 7 young (7168K), 7 survivors (7168K)
 Metaspace       used 31719K, capacity 32910K, committed 33152K, reserved 1077248K
  class space    used 3915K, capacity 4403K, committed 4480K, reserved 1048576K
}

